\BOOKMARK [1][-]{section.1}{Introduction}{}% 1
\BOOKMARK [1][-]{section.2}{Target and Detectors}{}% 2
\BOOKMARK [2][-]{subsection.2.1}{Particle beam and target}{section.2}% 3
\BOOKMARK [2][-]{subsection.2.2}{Detector layout}{section.2}% 4
\BOOKMARK [1][-]{section.3}{Data and interaction}{}% 5
\BOOKMARK [2][-]{subsection.3.1}{Data storage}{section.3}% 6
\BOOKMARK [2][-]{subsection.3.2}{Data preselection}{section.3}% 7
\BOOKMARK [2][-]{subsection.3.3}{Scattering process}{section.3}% 8
\BOOKMARK [1][-]{section.4}{Characteristic parameters}{}% 9
\BOOKMARK [2][-]{subsection.4.1}{Number of events}{section.4}% 10
\BOOKMARK [2][-]{subsection.4.2}{Vertex positions}{section.4}% 11
\BOOKMARK [2][-]{subsection.4.3}{Three pions invaraint mass}{section.4}% 12
\BOOKMARK [2][-]{subsection.4.4}{Total invariant mass}{section.4}% 13
\BOOKMARK [3][-]{subsubsection.4.4.1}{Photon energy cut}{subsection.4.4}% 14
\BOOKMARK [3][-]{subsubsection.4.4.2}{Total invariant mass}{subsection.4.4}% 15
\BOOKMARK [2][-]{subsection.4.5}{Recoil proton}{section.4}% 16
\BOOKMARK [1][-]{section.5}{Correlation and results}{}% 17
\BOOKMARK [2][-]{subsection.5.1}{Correlation of abnormalities}{section.5}% 18
\BOOKMARK [3][-]{subsubsection.5.1.1}{Correlation with recoil proton}{subsection.5.1}% 19
\BOOKMARK [3][-]{subsubsection.5.1.2}{Correlation with ECALs}{subsection.5.1}% 20
\BOOKMARK [2][-]{subsection.5.2}{Summary of abnormal runs}{section.5}% 21
\BOOKMARK [1][-]{section.6}{Conclusion}{}% 22
